2021-12-13 21:31:19 下午 [Thread: quartzScheduler_Worker-1][ Class:org.quartz.core.JobRunShell >> Method: org.quartz.core.JobRunShell.run(JobRunShell.java:211) ]
ERROR:Job DEFAULT.MyTask threw an unhandled Exception: 
java.lang.NullPointerException
	at com.wang.utils.HttpClientUtil.doPost(HttpClientUtil.java:93)
	at com.wang.pojo.MyTask.executeInternal(MyTask.java:20)
	at org.springframework.scheduling.quartz.QuartzJobBean.execute(QuartzJobBean.java:75)
	at org.quartz.core.JobRunShell.run(JobRunShell.java:202)
	at org.quartz.simpl.SimpleThreadPool$WorkerThread.run(SimpleThreadPool.java:573)
2021-12-13 21:31:19 下午 [Thread: quartzScheduler_Worker-1][ Class:org.quartz.core.ErrorLogger >> Method: org.quartz.core.ErrorLogger.schedulerError(QuartzScheduler.java:2407) ]
ERROR:Job (DEFAULT.MyTask threw an exception.
org.quartz.SchedulerException: Job threw an unhandled exception. [See nested exception: java.lang.NullPointerException]
	at org.quartz.core.JobRunShell.run(JobRunShell.java:213)
	at org.quartz.simpl.SimpleThreadPool$WorkerThread.run(SimpleThreadPool.java:573)
Caused by: java.lang.NullPointerException
	at com.wang.utils.HttpClientUtil.doPost(HttpClientUtil.java:93)
	at com.wang.pojo.MyTask.executeInternal(MyTask.java:20)
	at org.springframework.scheduling.quartz.QuartzJobBean.execute(QuartzJobBean.java:75)
	at org.quartz.core.JobRunShell.run(JobRunShell.java:202)
	... 1 more
2021-12-13 21:31:23 下午 [Thread: quartzScheduler_Worker-2][ Class:org.quartz.core.JobRunShell >> Method: org.quartz.core.JobRunShell.run(JobRunShell.java:211) ]
ERROR:Job DEFAULT.MyTask threw an unhandled Exception: 
java.lang.NullPointerException
	at com.wang.utils.HttpClientUtil.doPost(HttpClientUtil.java:93)
	at com.wang.pojo.MyTask.executeInternal(MyTask.java:20)
	at org.springframework.scheduling.quartz.QuartzJobBean.execute(QuartzJobBean.java:75)
	at org.quartz.core.JobRunShell.run(JobRunShell.java:202)
	at org.quartz.simpl.SimpleThreadPool$WorkerThread.run(SimpleThreadPool.java:573)
2021-12-13 21:31:23 下午 [Thread: quartzScheduler_Worker-2][ Class:org.quartz.core.ErrorLogger >> Method: org.quartz.core.ErrorLogger.schedulerError(QuartzScheduler.java:2407) ]
ERROR:Job (DEFAULT.MyTask threw an exception.
org.quartz.SchedulerException: Job threw an unhandled exception. [See nested exception: java.lang.NullPointerException]
	at org.quartz.core.JobRunShell.run(JobRunShell.java:213)
	at org.quartz.simpl.SimpleThreadPool$WorkerThread.run(SimpleThreadPool.java:573)
Caused by: java.lang.NullPointerException
	at com.wang.utils.HttpClientUtil.doPost(HttpClientUtil.java:93)
	at com.wang.pojo.MyTask.executeInternal(MyTask.java:20)
	at org.springframework.scheduling.quartz.QuartzJobBean.execute(QuartzJobBean.java:75)
	at org.quartz.core.JobRunShell.run(JobRunShell.java:202)
	... 1 more
2021-12-13 21:31:28 下午 [Thread: quartzScheduler_Worker-3][ Class:org.quartz.core.JobRunShell >> Method: org.quartz.core.JobRunShell.run(JobRunShell.java:211) ]
ERROR:Job DEFAULT.MyTask threw an unhandled Exception: 
java.lang.NullPointerException
	at com.wang.utils.HttpClientUtil.doPost(HttpClientUtil.java:93)
	at com.wang.pojo.MyTask.executeInternal(MyTask.java:20)
	at org.springframework.scheduling.quartz.QuartzJobBean.execute(QuartzJobBean.java:75)
	at org.quartz.core.JobRunShell.run(JobRunShell.java:202)
	at org.quartz.simpl.SimpleThreadPool$WorkerThread.run(SimpleThreadPool.java:573)
2021-12-13 21:31:28 下午 [Thread: quartzScheduler_Worker-3][ Class:org.quartz.core.ErrorLogger >> Method: org.quartz.core.ErrorLogger.schedulerError(QuartzScheduler.java:2407) ]
ERROR:Job (DEFAULT.MyTask threw an exception.
org.quartz.SchedulerException: Job threw an unhandled exception. [See nested exception: java.lang.NullPointerException]
	at org.quartz.core.JobRunShell.run(JobRunShell.java:213)
	at org.quartz.simpl.SimpleThreadPool$WorkerThread.run(SimpleThreadPool.java:573)
Caused by: java.lang.NullPointerException
	at com.wang.utils.HttpClientUtil.doPost(HttpClientUtil.java:93)
	at com.wang.pojo.MyTask.executeInternal(MyTask.java:20)
	at org.springframework.scheduling.quartz.QuartzJobBean.execute(QuartzJobBean.java:75)
	at org.quartz.core.JobRunShell.run(JobRunShell.java:202)
	... 1 more
2021-12-13 21:31:33 下午 [Thread: quartzScheduler_Worker-4][ Class:org.quartz.core.JobRunShell >> Method: org.quartz.core.JobRunShell.run(JobRunShell.java:211) ]
ERROR:Job DEFAULT.MyTask threw an unhandled Exception: 
java.lang.NullPointerException
	at com.wang.utils.HttpClientUtil.doPost(HttpClientUtil.java:93)
	at com.wang.pojo.MyTask.executeInternal(MyTask.java:20)
	at org.springframework.scheduling.quartz.QuartzJobBean.execute(QuartzJobBean.java:75)
	at org.quartz.core.JobRunShell.run(JobRunShell.java:202)
	at org.quartz.simpl.SimpleThreadPool$WorkerThread.run(SimpleThreadPool.java:573)
2021-12-13 21:31:33 下午 [Thread: quartzScheduler_Worker-4][ Class:org.quartz.core.ErrorLogger >> Method: org.quartz.core.ErrorLogger.schedulerError(QuartzScheduler.java:2407) ]
ERROR:Job (DEFAULT.MyTask threw an exception.
org.quartz.SchedulerException: Job threw an unhandled exception. [See nested exception: java.lang.NullPointerException]
	at org.quartz.core.JobRunShell.run(JobRunShell.java:213)
	at org.quartz.simpl.SimpleThreadPool$WorkerThread.run(SimpleThreadPool.java:573)
Caused by: java.lang.NullPointerException
	at com.wang.utils.HttpClientUtil.doPost(HttpClientUtil.java:93)
	at com.wang.pojo.MyTask.executeInternal(MyTask.java:20)
	at org.springframework.scheduling.quartz.QuartzJobBean.execute(QuartzJobBean.java:75)
	at org.quartz.core.JobRunShell.run(JobRunShell.java:202)
	... 1 more
2021-12-13 21:31:38 下午 [Thread: quartzScheduler_Worker-5][ Class:org.quartz.core.JobRunShell >> Method: org.quartz.core.JobRunShell.run(JobRunShell.java:211) ]
ERROR:Job DEFAULT.MyTask threw an unhandled Exception: 
java.lang.NullPointerException
	at com.wang.utils.HttpClientUtil.doPost(HttpClientUtil.java:93)
	at com.wang.pojo.MyTask.executeInternal(MyTask.java:20)
	at org.springframework.scheduling.quartz.QuartzJobBean.execute(QuartzJobBean.java:75)
	at org.quartz.core.JobRunShell.run(JobRunShell.java:202)
	at org.quartz.simpl.SimpleThreadPool$WorkerThread.run(SimpleThreadPool.java:573)
2021-12-13 21:31:38 下午 [Thread: quartzScheduler_Worker-5][ Class:org.quartz.core.ErrorLogger >> Method: org.quartz.core.ErrorLogger.schedulerError(QuartzScheduler.java:2407) ]
ERROR:Job (DEFAULT.MyTask threw an exception.
org.quartz.SchedulerException: Job threw an unhandled exception. [See nested exception: java.lang.NullPointerException]
	at org.quartz.core.JobRunShell.run(JobRunShell.java:213)
	at org.quartz.simpl.SimpleThreadPool$WorkerThread.run(SimpleThreadPool.java:573)
Caused by: java.lang.NullPointerException
	at com.wang.utils.HttpClientUtil.doPost(HttpClientUtil.java:93)
	at com.wang.pojo.MyTask.executeInternal(MyTask.java:20)
	at org.springframework.scheduling.quartz.QuartzJobBean.execute(QuartzJobBean.java:75)
	at org.quartz.core.JobRunShell.run(JobRunShell.java:202)
	... 1 more
2021-12-13 21:31:43 下午 [Thread: quartzScheduler_Worker-6][ Class:org.quartz.core.JobRunShell >> Method: org.quartz.core.JobRunShell.run(JobRunShell.java:211) ]
ERROR:Job DEFAULT.MyTask threw an unhandled Exception: 
java.lang.NullPointerException
	at com.wang.utils.HttpClientUtil.doPost(HttpClientUtil.java:93)
	at com.wang.pojo.MyTask.executeInternal(MyTask.java:20)
	at org.springframework.scheduling.quartz.QuartzJobBean.execute(QuartzJobBean.java:75)
	at org.quartz.core.JobRunShell.run(JobRunShell.java:202)
	at org.quartz.simpl.SimpleThreadPool$WorkerThread.run(SimpleThreadPool.java:573)
2021-12-13 21:31:43 下午 [Thread: quartzScheduler_Worker-6][ Class:org.quartz.core.ErrorLogger >> Method: org.quartz.core.ErrorLogger.schedulerError(QuartzScheduler.java:2407) ]
ERROR:Job (DEFAULT.MyTask threw an exception.
org.quartz.SchedulerException: Job threw an unhandled exception. [See nested exception: java.lang.NullPointerException]
	at org.quartz.core.JobRunShell.run(JobRunShell.java:213)
	at org.quartz.simpl.SimpleThreadPool$WorkerThread.run(SimpleThreadPool.java:573)
Caused by: java.lang.NullPointerException
	at com.wang.utils.HttpClientUtil.doPost(HttpClientUtil.java:93)
	at com.wang.pojo.MyTask.executeInternal(MyTask.java:20)
	at org.springframework.scheduling.quartz.QuartzJobBean.execute(QuartzJobBean.java:75)
	at org.quartz.core.JobRunShell.run(JobRunShell.java:202)
	... 1 more
2021-12-13 21:31:48 下午 [Thread: quartzScheduler_Worker-7][ Class:org.quartz.core.JobRunShell >> Method: org.quartz.core.JobRunShell.run(JobRunShell.java:211) ]
ERROR:Job DEFAULT.MyTask threw an unhandled Exception: 
java.lang.NullPointerException
	at com.wang.utils.HttpClientUtil.doPost(HttpClientUtil.java:93)
	at com.wang.pojo.MyTask.executeInternal(MyTask.java:20)
	at org.springframework.scheduling.quartz.QuartzJobBean.execute(QuartzJobBean.java:75)
	at org.quartz.core.JobRunShell.run(JobRunShell.java:202)
	at org.quartz.simpl.SimpleThreadPool$WorkerThread.run(SimpleThreadPool.java:573)
2021-12-13 21:31:48 下午 [Thread: quartzScheduler_Worker-7][ Class:org.quartz.core.ErrorLogger >> Method: org.quartz.core.ErrorLogger.schedulerError(QuartzScheduler.java:2407) ]
ERROR:Job (DEFAULT.MyTask threw an exception.
org.quartz.SchedulerException: Job threw an unhandled exception. [See nested exception: java.lang.NullPointerException]
	at org.quartz.core.JobRunShell.run(JobRunShell.java:213)
	at org.quartz.simpl.SimpleThreadPool$WorkerThread.run(SimpleThreadPool.java:573)
Caused by: java.lang.NullPointerException
	at com.wang.utils.HttpClientUtil.doPost(HttpClientUtil.java:93)
	at com.wang.pojo.MyTask.executeInternal(MyTask.java:20)
	at org.springframework.scheduling.quartz.QuartzJobBean.execute(QuartzJobBean.java:75)
	at org.quartz.core.JobRunShell.run(JobRunShell.java:202)
	... 1 more
2021-12-13 21:31:53 下午 [Thread: quartzScheduler_Worker-8][ Class:org.quartz.core.JobRunShell >> Method: org.quartz.core.JobRunShell.run(JobRunShell.java:211) ]
ERROR:Job DEFAULT.MyTask threw an unhandled Exception: 
java.lang.NullPointerException
	at com.wang.utils.HttpClientUtil.doPost(HttpClientUtil.java:93)
	at com.wang.pojo.MyTask.executeInternal(MyTask.java:20)
	at org.springframework.scheduling.quartz.QuartzJobBean.execute(QuartzJobBean.java:75)
	at org.quartz.core.JobRunShell.run(JobRunShell.java:202)
	at org.quartz.simpl.SimpleThreadPool$WorkerThread.run(SimpleThreadPool.java:573)
2021-12-13 21:31:53 下午 [Thread: quartzScheduler_Worker-8][ Class:org.quartz.core.ErrorLogger >> Method: org.quartz.core.ErrorLogger.schedulerError(QuartzScheduler.java:2407) ]
ERROR:Job (DEFAULT.MyTask threw an exception.
org.quartz.SchedulerException: Job threw an unhandled exception. [See nested exception: java.lang.NullPointerException]
	at org.quartz.core.JobRunShell.run(JobRunShell.java:213)
	at org.quartz.simpl.SimpleThreadPool$WorkerThread.run(SimpleThreadPool.java:573)
Caused by: java.lang.NullPointerException
	at com.wang.utils.HttpClientUtil.doPost(HttpClientUtil.java:93)
	at com.wang.pojo.MyTask.executeInternal(MyTask.java:20)
	at org.springframework.scheduling.quartz.QuartzJobBean.execute(QuartzJobBean.java:75)
	at org.quartz.core.JobRunShell.run(JobRunShell.java:202)
	... 1 more
2021-12-13 21:31:58 下午 [Thread: quartzScheduler_Worker-9][ Class:org.quartz.core.JobRunShell >> Method: org.quartz.core.JobRunShell.run(JobRunShell.java:211) ]
ERROR:Job DEFAULT.MyTask threw an unhandled Exception: 
java.lang.NullPointerException
	at com.wang.utils.HttpClientUtil.doPost(HttpClientUtil.java:93)
	at com.wang.pojo.MyTask.executeInternal(MyTask.java:20)
	at org.springframework.scheduling.quartz.QuartzJobBean.execute(QuartzJobBean.java:75)
	at org.quartz.core.JobRunShell.run(JobRunShell.java:202)
	at org.quartz.simpl.SimpleThreadPool$WorkerThread.run(SimpleThreadPool.java:573)
2021-12-13 21:31:58 下午 [Thread: quartzScheduler_Worker-9][ Class:org.quartz.core.ErrorLogger >> Method: org.quartz.core.ErrorLogger.schedulerError(QuartzScheduler.java:2407) ]
ERROR:Job (DEFAULT.MyTask threw an exception.
org.quartz.SchedulerException: Job threw an unhandled exception. [See nested exception: java.lang.NullPointerException]
	at org.quartz.core.JobRunShell.run(JobRunShell.java:213)
	at org.quartz.simpl.SimpleThreadPool$WorkerThread.run(SimpleThreadPool.java:573)
Caused by: java.lang.NullPointerException
	at com.wang.utils.HttpClientUtil.doPost(HttpClientUtil.java:93)
	at com.wang.pojo.MyTask.executeInternal(MyTask.java:20)
	at org.springframework.scheduling.quartz.QuartzJobBean.execute(QuartzJobBean.java:75)
	at org.quartz.core.JobRunShell.run(JobRunShell.java:202)
	... 1 more
2021-12-13 21:32:03 下午 [Thread: quartzScheduler_Worker-10][ Class:org.quartz.core.JobRunShell >> Method: org.quartz.core.JobRunShell.run(JobRunShell.java:211) ]
ERROR:Job DEFAULT.MyTask threw an unhandled Exception: 
java.lang.NullPointerException
	at com.wang.utils.HttpClientUtil.doPost(HttpClientUtil.java:93)
	at com.wang.pojo.MyTask.executeInternal(MyTask.java:20)
	at org.springframework.scheduling.quartz.QuartzJobBean.execute(QuartzJobBean.java:75)
	at org.quartz.core.JobRunShell.run(JobRunShell.java:202)
	at org.quartz.simpl.SimpleThreadPool$WorkerThread.run(SimpleThreadPool.java:573)
2021-12-13 21:32:03 下午 [Thread: quartzScheduler_Worker-10][ Class:org.quartz.core.ErrorLogger >> Method: org.quartz.core.ErrorLogger.schedulerError(QuartzScheduler.java:2407) ]
ERROR:Job (DEFAULT.MyTask threw an exception.
org.quartz.SchedulerException: Job threw an unhandled exception. [See nested exception: java.lang.NullPointerException]
	at org.quartz.core.JobRunShell.run(JobRunShell.java:213)
	at org.quartz.simpl.SimpleThreadPool$WorkerThread.run(SimpleThreadPool.java:573)
Caused by: java.lang.NullPointerException
	at com.wang.utils.HttpClientUtil.doPost(HttpClientUtil.java:93)
	at com.wang.pojo.MyTask.executeInternal(MyTask.java:20)
	at org.springframework.scheduling.quartz.QuartzJobBean.execute(QuartzJobBean.java:75)
	at org.quartz.core.JobRunShell.run(JobRunShell.java:202)
	... 1 more
2021-12-13 21:32:08 下午 [Thread: quartzScheduler_Worker-1][ Class:org.quartz.core.JobRunShell >> Method: org.quartz.core.JobRunShell.run(JobRunShell.java:211) ]
ERROR:Job DEFAULT.MyTask threw an unhandled Exception: 
java.lang.NullPointerException
	at com.wang.utils.HttpClientUtil.doPost(HttpClientUtil.java:93)
	at com.wang.pojo.MyTask.executeInternal(MyTask.java:20)
	at org.springframework.scheduling.quartz.QuartzJobBean.execute(QuartzJobBean.java:75)
	at org.quartz.core.JobRunShell.run(JobRunShell.java:202)
	at org.quartz.simpl.SimpleThreadPool$WorkerThread.run(SimpleThreadPool.java:573)
2021-12-13 21:32:08 下午 [Thread: quartzScheduler_Worker-1][ Class:org.quartz.core.ErrorLogger >> Method: org.quartz.core.ErrorLogger.schedulerError(QuartzScheduler.java:2407) ]
ERROR:Job (DEFAULT.MyTask threw an exception.
org.quartz.SchedulerException: Job threw an unhandled exception. [See nested exception: java.lang.NullPointerException]
	at org.quartz.core.JobRunShell.run(JobRunShell.java:213)
	at org.quartz.simpl.SimpleThreadPool$WorkerThread.run(SimpleThreadPool.java:573)
Caused by: java.lang.NullPointerException
	at com.wang.utils.HttpClientUtil.doPost(HttpClientUtil.java:93)
	at com.wang.pojo.MyTask.executeInternal(MyTask.java:20)
	at org.springframework.scheduling.quartz.QuartzJobBean.execute(QuartzJobBean.java:75)
	at org.quartz.core.JobRunShell.run(JobRunShell.java:202)
	... 1 more
2021-12-13 21:32:13 下午 [Thread: quartzScheduler_Worker-2][ Class:org.quartz.core.JobRunShell >> Method: org.quartz.core.JobRunShell.run(JobRunShell.java:211) ]
ERROR:Job DEFAULT.MyTask threw an unhandled Exception: 
java.lang.NullPointerException
	at com.wang.utils.HttpClientUtil.doPost(HttpClientUtil.java:93)
	at com.wang.pojo.MyTask.executeInternal(MyTask.java:20)
	at org.springframework.scheduling.quartz.QuartzJobBean.execute(QuartzJobBean.java:75)
	at org.quartz.core.JobRunShell.run(JobRunShell.java:202)
	at org.quartz.simpl.SimpleThreadPool$WorkerThread.run(SimpleThreadPool.java:573)
2021-12-13 21:32:13 下午 [Thread: quartzScheduler_Worker-2][ Class:org.quartz.core.ErrorLogger >> Method: org.quartz.core.ErrorLogger.schedulerError(QuartzScheduler.java:2407) ]
ERROR:Job (DEFAULT.MyTask threw an exception.
org.quartz.SchedulerException: Job threw an unhandled exception. [See nested exception: java.lang.NullPointerException]
	at org.quartz.core.JobRunShell.run(JobRunShell.java:213)
	at org.quartz.simpl.SimpleThreadPool$WorkerThread.run(SimpleThreadPool.java:573)
Caused by: java.lang.NullPointerException
	at com.wang.utils.HttpClientUtil.doPost(HttpClientUtil.java:93)
	at com.wang.pojo.MyTask.executeInternal(MyTask.java:20)
	at org.springframework.scheduling.quartz.QuartzJobBean.execute(QuartzJobBean.java:75)
	at org.quartz.core.JobRunShell.run(JobRunShell.java:202)
	... 1 more
2021-12-13 21:32:18 下午 [Thread: quartzScheduler_Worker-3][ Class:org.quartz.core.JobRunShell >> Method: org.quartz.core.JobRunShell.run(JobRunShell.java:211) ]
ERROR:Job DEFAULT.MyTask threw an unhandled Exception: 
java.lang.NullPointerException
	at com.wang.utils.HttpClientUtil.doPost(HttpClientUtil.java:93)
	at com.wang.pojo.MyTask.executeInternal(MyTask.java:20)
	at org.springframework.scheduling.quartz.QuartzJobBean.execute(QuartzJobBean.java:75)
	at org.quartz.core.JobRunShell.run(JobRunShell.java:202)
	at org.quartz.simpl.SimpleThreadPool$WorkerThread.run(SimpleThreadPool.java:573)
2021-12-13 21:32:18 下午 [Thread: quartzScheduler_Worker-3][ Class:org.quartz.core.ErrorLogger >> Method: org.quartz.core.ErrorLogger.schedulerError(QuartzScheduler.java:2407) ]
ERROR:Job (DEFAULT.MyTask threw an exception.
org.quartz.SchedulerException: Job threw an unhandled exception. [See nested exception: java.lang.NullPointerException]
	at org.quartz.core.JobRunShell.run(JobRunShell.java:213)
	at org.quartz.simpl.SimpleThreadPool$WorkerThread.run(SimpleThreadPool.java:573)
Caused by: java.lang.NullPointerException
	at com.wang.utils.HttpClientUtil.doPost(HttpClientUtil.java:93)
	at com.wang.pojo.MyTask.executeInternal(MyTask.java:20)
	at org.springframework.scheduling.quartz.QuartzJobBean.execute(QuartzJobBean.java:75)
	at org.quartz.core.JobRunShell.run(JobRunShell.java:202)
	... 1 more
2021-12-13 21:32:23 下午 [Thread: quartzScheduler_Worker-4][ Class:org.quartz.core.JobRunShell >> Method: org.quartz.core.JobRunShell.run(JobRunShell.java:211) ]
ERROR:Job DEFAULT.MyTask threw an unhandled Exception: 
java.lang.NullPointerException
	at com.wang.utils.HttpClientUtil.doPost(HttpClientUtil.java:93)
	at com.wang.pojo.MyTask.executeInternal(MyTask.java:20)
	at org.springframework.scheduling.quartz.QuartzJobBean.execute(QuartzJobBean.java:75)
	at org.quartz.core.JobRunShell.run(JobRunShell.java:202)
	at org.quartz.simpl.SimpleThreadPool$WorkerThread.run(SimpleThreadPool.java:573)
2021-12-13 21:32:23 下午 [Thread: quartzScheduler_Worker-4][ Class:org.quartz.core.ErrorLogger >> Method: org.quartz.core.ErrorLogger.schedulerError(QuartzScheduler.java:2407) ]
ERROR:Job (DEFAULT.MyTask threw an exception.
org.quartz.SchedulerException: Job threw an unhandled exception. [See nested exception: java.lang.NullPointerException]
	at org.quartz.core.JobRunShell.run(JobRunShell.java:213)
	at org.quartz.simpl.SimpleThreadPool$WorkerThread.run(SimpleThreadPool.java:573)
Caused by: java.lang.NullPointerException
	at com.wang.utils.HttpClientUtil.doPost(HttpClientUtil.java:93)
	at com.wang.pojo.MyTask.executeInternal(MyTask.java:20)
	at org.springframework.scheduling.quartz.QuartzJobBean.execute(QuartzJobBean.java:75)
	at org.quartz.core.JobRunShell.run(JobRunShell.java:202)
	... 1 more
2021-12-13 21:32:28 下午 [Thread: quartzScheduler_Worker-5][ Class:org.quartz.core.JobRunShell >> Method: org.quartz.core.JobRunShell.run(JobRunShell.java:211) ]
ERROR:Job DEFAULT.MyTask threw an unhandled Exception: 
java.lang.NullPointerException
	at com.wang.utils.HttpClientUtil.doPost(HttpClientUtil.java:93)
	at com.wang.pojo.MyTask.executeInternal(MyTask.java:20)
	at org.springframework.scheduling.quartz.QuartzJobBean.execute(QuartzJobBean.java:75)
	at org.quartz.core.JobRunShell.run(JobRunShell.java:202)
	at org.quartz.simpl.SimpleThreadPool$WorkerThread.run(SimpleThreadPool.java:573)
2021-12-13 21:32:28 下午 [Thread: quartzScheduler_Worker-5][ Class:org.quartz.core.ErrorLogger >> Method: org.quartz.core.ErrorLogger.schedulerError(QuartzScheduler.java:2407) ]
ERROR:Job (DEFAULT.MyTask threw an exception.
org.quartz.SchedulerException: Job threw an unhandled exception. [See nested exception: java.lang.NullPointerException]
	at org.quartz.core.JobRunShell.run(JobRunShell.java:213)
	at org.quartz.simpl.SimpleThreadPool$WorkerThread.run(SimpleThreadPool.java:573)
Caused by: java.lang.NullPointerException
	at com.wang.utils.HttpClientUtil.doPost(HttpClientUtil.java:93)
	at com.wang.pojo.MyTask.executeInternal(MyTask.java:20)
	at org.springframework.scheduling.quartz.QuartzJobBean.execute(QuartzJobBean.java:75)
	at org.quartz.core.JobRunShell.run(JobRunShell.java:202)
	... 1 more
2021-12-13 21:32:33 下午 [Thread: quartzScheduler_Worker-6][ Class:org.quartz.core.JobRunShell >> Method: org.quartz.core.JobRunShell.run(JobRunShell.java:211) ]
ERROR:Job DEFAULT.MyTask threw an unhandled Exception: 
java.lang.NullPointerException
	at com.wang.utils.HttpClientUtil.doPost(HttpClientUtil.java:93)
	at com.wang.pojo.MyTask.executeInternal(MyTask.java:20)
	at org.springframework.scheduling.quartz.QuartzJobBean.execute(QuartzJobBean.java:75)
	at org.quartz.core.JobRunShell.run(JobRunShell.java:202)
	at org.quartz.simpl.SimpleThreadPool$WorkerThread.run(SimpleThreadPool.java:573)
2021-12-13 21:32:33 下午 [Thread: quartzScheduler_Worker-6][ Class:org.quartz.core.ErrorLogger >> Method: org.quartz.core.ErrorLogger.schedulerError(QuartzScheduler.java:2407) ]
ERROR:Job (DEFAULT.MyTask threw an exception.
org.quartz.SchedulerException: Job threw an unhandled exception. [See nested exception: java.lang.NullPointerException]
	at org.quartz.core.JobRunShell.run(JobRunShell.java:213)
	at org.quartz.simpl.SimpleThreadPool$WorkerThread.run(SimpleThreadPool.java:573)
Caused by: java.lang.NullPointerException
	at com.wang.utils.HttpClientUtil.doPost(HttpClientUtil.java:93)
	at com.wang.pojo.MyTask.executeInternal(MyTask.java:20)
	at org.springframework.scheduling.quartz.QuartzJobBean.execute(QuartzJobBean.java:75)
	at org.quartz.core.JobRunShell.run(JobRunShell.java:202)
	... 1 more
2021-12-13 21:32:38 下午 [Thread: quartzScheduler_Worker-7][ Class:org.quartz.core.JobRunShell >> Method: org.quartz.core.JobRunShell.run(JobRunShell.java:211) ]
ERROR:Job DEFAULT.MyTask threw an unhandled Exception: 
java.lang.NullPointerException
	at com.wang.utils.HttpClientUtil.doPost(HttpClientUtil.java:93)
	at com.wang.pojo.MyTask.executeInternal(MyTask.java:20)
	at org.springframework.scheduling.quartz.QuartzJobBean.execute(QuartzJobBean.java:75)
	at org.quartz.core.JobRunShell.run(JobRunShell.java:202)
	at org.quartz.simpl.SimpleThreadPool$WorkerThread.run(SimpleThreadPool.java:573)
2021-12-13 21:32:38 下午 [Thread: quartzScheduler_Worker-7][ Class:org.quartz.core.ErrorLogger >> Method: org.quartz.core.ErrorLogger.schedulerError(QuartzScheduler.java:2407) ]
ERROR:Job (DEFAULT.MyTask threw an exception.
org.quartz.SchedulerException: Job threw an unhandled exception. [See nested exception: java.lang.NullPointerException]
	at org.quartz.core.JobRunShell.run(JobRunShell.java:213)
	at org.quartz.simpl.SimpleThreadPool$WorkerThread.run(SimpleThreadPool.java:573)
Caused by: java.lang.NullPointerException
	at com.wang.utils.HttpClientUtil.doPost(HttpClientUtil.java:93)
	at com.wang.pojo.MyTask.executeInternal(MyTask.java:20)
	at org.springframework.scheduling.quartz.QuartzJobBean.execute(QuartzJobBean.java:75)
	at org.quartz.core.JobRunShell.run(JobRunShell.java:202)
	... 1 more
